{
  "error": {},
  "level": "error",
  "message": "uncaughtException: FATAL ERROR: jwtPrivateKey is not defined.\nError: FATAL ERROR: jwtPrivateKey is not defined.\n    at module.exports (/Users/khanguyen/Google Drive/Node Backend Course/Projects/vidly/startup/config.js:5:11)\n    at Object.<anonymous> (/Users/khanguyen/Google Drive/Node Backend Course/Projects/vidly/index.js:8:28)\n    at Module._compile (internal/modules/cjs/loader.js:1158:30)\n    at Object.Module._extensions..js (internal/modules/cjs/loader.js:1178:10)\n    at Module.load (internal/modules/cjs/loader.js:1002:32)\n    at Function.Module._load (internal/modules/cjs/loader.js:901:14)\n    at Function.executeUserEntryPoint [as runMain] (internal/modules/run_main.js:74:12)\n    at internal/main/run_main_module.js:18:47",
  "stack": "Error: FATAL ERROR: jwtPrivateKey is not defined.\n    at module.exports (/Users/khanguyen/Google Drive/Node Backend Course/Projects/vidly/startup/config.js:5:11)\n    at Object.<anonymous> (/Users/khanguyen/Google Drive/Node Backend Course/Projects/vidly/index.js:8:28)\n    at Module._compile (internal/modules/cjs/loader.js:1158:30)\n    at Object.Module._extensions..js (internal/modules/cjs/loader.js:1178:10)\n    at Module.load (internal/modules/cjs/loader.js:1002:32)\n    at Function.Module._load (internal/modules/cjs/loader.js:901:14)\n    at Function.executeUserEntryPoint [as runMain] (internal/modules/run_main.js:74:12)\n    at internal/main/run_main_module.js:18:47",
  "exception": true,
  "date": "Sat Mar 21 2020 22:46:15 GMT-0700 (Pacific Daylight Time)",
  "process": {
    "pid": 35410,
    "uid": 501,
    "gid": 20,
    "cwd": "/Users/khanguyen/Google Drive/Node Backend Course/Projects/vidly",
    "execPath": "/usr/local/bin/node",
    "version": "v12.16.1",
    "argv": [
      "/usr/local/bin/node",
      "/Users/khanguyen/Google Drive/Node Backend Course/Projects/vidly/index.js"
    ],
    "memoryUsage": {
      "rss": 67764224,
      "heapTotal": 35999744,
      "heapUsed": 23909144,
      "external": 19798419
    }
  },
  "os": {
    "loadavg": [
      2.37548828125,
      2.18017578125,
      2.08544921875
    ],
    "uptime": 183809
  },
  "trace": [
    {
      "column": 11,
      "file": "/Users/khanguyen/Google Drive/Node Backend Course/Projects/vidly/startup/config.js",
      "function": "module.exports",
      "line": 5,
      "method": "exports",
      "native": false
    },
    {
      "column": 28,
      "file": "/Users/khanguyen/Google Drive/Node Backend Course/Projects/vidly/index.js",
      "function": null,
      "line": 8,
      "method": null,
      "native": false
    },
    {
      "column": 30,
      "file": "internal/modules/cjs/loader.js",
      "function": "Module._compile",
      "line": 1158,
      "method": "_compile",
      "native": false
    },
    {
      "column": 10,
      "file": "internal/modules/cjs/loader.js",
      "function": "Module._extensions..js",
      "line": 1178,
      "method": ".js",
      "native": false
    },
    {
      "column": 32,
      "file": "internal/modules/cjs/loader.js",
      "function": "Module.load",
      "line": 1002,
      "method": "load",
      "native": false
    },
    {
      "column": 14,
      "file": "internal/modules/cjs/loader.js",
      "function": "Module._load",
      "line": 901,
      "method": "_load",
      "native": false
    },
    {
      "column": 12,
      "file": "internal/modules/run_main.js",
      "function": "Function.executeUserEntryPoint [as runMain]",
      "line": 74,
      "method": "executeUserEntryPoint [as runMain]",
      "native": false
    },
    {
      "column": 47,
      "file": "internal/main/run_main_module.js",
      "function": null,
      "line": 18,
      "method": null,
      "native": false
    }
  ]
}
{"error":{},"level":"error","message":"uncaughtException: FATAL ERROR: jwtPrivateKey is not defined.\nError: FATAL ERROR: jwtPrivateKey is not defined.\n    at module.exports (/Users/khanguyen/Google Drive/Node Backend Course/Projects/vidly/startup/config.js:5:11)\n    at Object.<anonymous> (/Users/khanguyen/Google Drive/Node Backend Course/Projects/vidly/index.js:8:28)\n    at Module._compile (internal/modules/cjs/loader.js:1158:30)\n    at Object.Module._extensions..js (internal/modules/cjs/loader.js:1178:10)\n    at Module.load (internal/modules/cjs/loader.js:1002:32)\n    at Function.Module._load (internal/modules/cjs/loader.js:901:14)\n    at Function.executeUserEntryPoint [as runMain] (internal/modules/run_main.js:74:12)\n    at internal/main/run_main_module.js:18:47","stack":"Error: FATAL ERROR: jwtPrivateKey is not defined.\n    at module.exports (/Users/khanguyen/Google Drive/Node Backend Course/Projects/vidly/startup/config.js:5:11)\n    at Object.<anonymous> (/Users/khanguyen/Google Drive/Node Backend Course/Projects/vidly/index.js:8:28)\n    at Module._compile (internal/modules/cjs/loader.js:1158:30)\n    at Object.Module._extensions..js (internal/modules/cjs/loader.js:1178:10)\n    at Module.load (internal/modules/cjs/loader.js:1002:32)\n    at Function.Module._load (internal/modules/cjs/loader.js:901:14)\n    at Function.executeUserEntryPoint [as runMain] (internal/modules/run_main.js:74:12)\n    at internal/main/run_main_module.js:18:47","exception":true,"date":"Sat Mar 21 2020 22:49:11 GMT-0700 (Pacific Daylight Time)","process":{"pid":35515,"uid":501,"gid":20,"cwd":"/Users/khanguyen/Google Drive/Node Backend Course/Projects/vidly","execPath":"/usr/local/bin/node","version":"v12.16.1","argv":["/usr/local/bin/node","/Users/khanguyen/Google Drive/Node Backend Course/Projects/vidly/index.js"],"memoryUsage":{"rss":65675264,"heapTotal":35999744,"heapUsed":23977168,"external":19806612}},"os":{"loadavg":[1.95947265625,2.109375,2.0693359375],"uptime":183985},"trace":[{"column":11,"file":"/Users/khanguyen/Google Drive/Node Backend Course/Projects/vidly/startup/config.js","function":"module.exports","line":5,"method":"exports","native":false},{"column":28,"file":"/Users/khanguyen/Google Drive/Node Backend Course/Projects/vidly/index.js","function":null,"line":8,"method":null,"native":false},{"column":30,"file":"internal/modules/cjs/loader.js","function":"Module._compile","line":1158,"method":"_compile","native":false},{"column":10,"file":"internal/modules/cjs/loader.js","function":"Module._extensions..js","line":1178,"method":".js","native":false},{"column":32,"file":"internal/modules/cjs/loader.js","function":"Module.load","line":1002,"method":"load","native":false},{"column":14,"file":"internal/modules/cjs/loader.js","function":"Module._load","line":901,"method":"_load","native":false},{"column":12,"file":"internal/modules/run_main.js","function":"Function.executeUserEntryPoint [as runMain]","line":74,"method":"executeUserEntryPoint [as runMain]","native":false},{"column":47,"file":"internal/main/run_main_module.js","function":null,"line":18,"method":null,"native":false}]}
{"error":{},"level":"error","message":"uncaughtException: Invalid schema, expected `mongodb` or `mongodb+srv`\nError: Invalid schema, expected `mongodb` or `mongodb+srv`\n    at module.exports (/Users/khanguyen/Google Drive/Node Backend Course/Projects/vidly/node_modules/mongodb/lib/url_parser.js:22:21)\n    at deprecated (internal/util.js:89:15)\n    at connect (/Users/khanguyen/Google Drive/Node Backend Course/Projects/vidly/node_modules/mongodb/lib/operations/connect.js:291:3)\n    at ConnectOperation.execute (/Users/khanguyen/Google Drive/Node Backend Course/Projects/vidly/node_modules/mongodb/lib/operations/connect.js:202:5)\n    at executeOperation (/Users/khanguyen/Google Drive/Node Backend Course/Projects/vidly/node_modules/mongodb/lib/operations/execute_operation.js:83:26)\n    at MongoClient.connect (/Users/khanguyen/Google Drive/Node Backend Course/Projects/vidly/node_modules/mongodb/lib/mongo_client.js:219:10)\n    at /Users/khanguyen/Google Drive/Node Backend Course/Projects/vidly/node_modules/mongoose/lib/connection.js:667:12\n    at Promise._execute (/Users/khanguyen/Google Drive/Node Backend Course/Projects/vidly/node_modules/fawn/node_modules/bluebird/js/release/debuggability.js:300:9)\n    at Promise._resolveFromExecutor (/Users/khanguyen/Google Drive/Node Backend Course/Projects/vidly/node_modules/fawn/node_modules/bluebird/js/release/promise.js:483:18)\n    at new Promise (/Users/khanguyen/Google Drive/Node Backend Course/Projects/vidly/node_modules/fawn/node_modules/bluebird/js/release/promise.js:79:10)\n    at NativeConnection.Connection.openUri (/Users/khanguyen/Google Drive/Node Backend Course/Projects/vidly/node_modules/mongoose/lib/connection.js:664:19)\n    at Mongoose.connect (/Users/khanguyen/Google Drive/Node Backend Course/Projects/vidly/node_modules/mongoose/lib/index.js:332:15)\n    at module.exports (/Users/khanguyen/Google Drive/Node Backend Course/Projects/vidly/startup/db.js:7:6)\n    at Object.<anonymous> (/Users/khanguyen/Google Drive/Node Backend Course/Projects/vidly/index.js:7:24)\n    at Module._compile (internal/modules/cjs/loader.js:1158:30)\n    at Object.Module._extensions..js (internal/modules/cjs/loader.js:1178:10)\n    at Module.load (internal/modules/cjs/loader.js:1002:32)\n    at Function.Module._load (internal/modules/cjs/loader.js:901:14)\n    at Function.executeUserEntryPoint [as runMain] (internal/modules/run_main.js:74:12)\n    at internal/main/run_main_module.js:18:47","stack":"Error: Invalid schema, expected `mongodb` or `mongodb+srv`\n    at module.exports (/Users/khanguyen/Google Drive/Node Backend Course/Projects/vidly/node_modules/mongodb/lib/url_parser.js:22:21)\n    at deprecated (internal/util.js:89:15)\n    at connect (/Users/khanguyen/Google Drive/Node Backend Course/Projects/vidly/node_modules/mongodb/lib/operations/connect.js:291:3)\n    at ConnectOperation.execute (/Users/khanguyen/Google Drive/Node Backend Course/Projects/vidly/node_modules/mongodb/lib/operations/connect.js:202:5)\n    at executeOperation (/Users/khanguyen/Google Drive/Node Backend Course/Projects/vidly/node_modules/mongodb/lib/operations/execute_operation.js:83:26)\n    at MongoClient.connect (/Users/khanguyen/Google Drive/Node Backend Course/Projects/vidly/node_modules/mongodb/lib/mongo_client.js:219:10)\n    at /Users/khanguyen/Google Drive/Node Backend Course/Projects/vidly/node_modules/mongoose/lib/connection.js:667:12\n    at Promise._execute (/Users/khanguyen/Google Drive/Node Backend Course/Projects/vidly/node_modules/fawn/node_modules/bluebird/js/release/debuggability.js:300:9)\n    at Promise._resolveFromExecutor (/Users/khanguyen/Google Drive/Node Backend Course/Projects/vidly/node_modules/fawn/node_modules/bluebird/js/release/promise.js:483:18)\n    at new Promise (/Users/khanguyen/Google Drive/Node Backend Course/Projects/vidly/node_modules/fawn/node_modules/bluebird/js/release/promise.js:79:10)\n    at NativeConnection.Connection.openUri (/Users/khanguyen/Google Drive/Node Backend Course/Projects/vidly/node_modules/mongoose/lib/connection.js:664:19)\n    at Mongoose.connect (/Users/khanguyen/Google Drive/Node Backend Course/Projects/vidly/node_modules/mongoose/lib/index.js:332:15)\n    at module.exports (/Users/khanguyen/Google Drive/Node Backend Course/Projects/vidly/startup/db.js:7:6)\n    at Object.<anonymous> (/Users/khanguyen/Google Drive/Node Backend Course/Projects/vidly/index.js:7:24)\n    at Module._compile (internal/modules/cjs/loader.js:1158:30)\n    at Object.Module._extensions..js (internal/modules/cjs/loader.js:1178:10)\n    at Module.load (internal/modules/cjs/loader.js:1002:32)\n    at Function.Module._load (internal/modules/cjs/loader.js:901:14)\n    at Function.executeUserEntryPoint [as runMain] (internal/modules/run_main.js:74:12)\n    at internal/main/run_main_module.js:18:47","exception":true,"date":"Sun Mar 22 2020 02:06:15 GMT-0700 (Pacific Daylight Time)","process":{"pid":1039,"uid":501,"gid":20,"cwd":"/Users/khanguyen/Google Drive/Node Backend Course/Projects/vidly","execPath":"/usr/local/bin/node","version":"v12.16.1","argv":["/usr/local/bin/node","/Users/khanguyen/Google Drive/Node Backend Course/Projects/vidly/index.js"],"memoryUsage":{"rss":68960256,"heapTotal":36261888,"heapUsed":25475456,"external":19927786}},"os":{"loadavg":[1.74609375,1.880859375,2.23828125],"uptime":195809},"trace":[{"column":21,"file":"/Users/khanguyen/Google Drive/Node Backend Course/Projects/vidly/node_modules/mongodb/lib/url_parser.js","function":"module.exports","line":22,"method":"exports","native":false},{"column":15,"file":"internal/util.js","function":"deprecated","line":89,"method":null,"native":false},{"column":3,"file":"/Users/khanguyen/Google Drive/Node Backend Course/Projects/vidly/node_modules/mongodb/lib/operations/connect.js","function":"connect","line":291,"method":null,"native":false},{"column":5,"file":"/Users/khanguyen/Google Drive/Node Backend Course/Projects/vidly/node_modules/mongodb/lib/operations/connect.js","function":"ConnectOperation.execute","line":202,"method":"execute","native":false},{"column":26,"file":"/Users/khanguyen/Google Drive/Node Backend Course/Projects/vidly/node_modules/mongodb/lib/operations/execute_operation.js","function":"executeOperation","line":83,"method":null,"native":false},{"column":10,"file":"/Users/khanguyen/Google Drive/Node Backend Course/Projects/vidly/node_modules/mongodb/lib/mongo_client.js","function":"MongoClient.connect","line":219,"method":"connect","native":false},{"column":12,"file":"/Users/khanguyen/Google Drive/Node Backend Course/Projects/vidly/node_modules/mongoose/lib/connection.js","function":null,"line":667,"method":null,"native":false},{"column":9,"file":"/Users/khanguyen/Google Drive/Node Backend Course/Projects/vidly/node_modules/fawn/node_modules/bluebird/js/release/debuggability.js","function":"Promise._execute","line":300,"method":"_execute","native":false},{"column":18,"file":"/Users/khanguyen/Google Drive/Node Backend Course/Projects/vidly/node_modules/fawn/node_modules/bluebird/js/release/promise.js","function":"Promise._resolveFromExecutor","line":483,"method":"_resolveFromExecutor","native":false},{"column":10,"file":"/Users/khanguyen/Google Drive/Node Backend Course/Projects/vidly/node_modules/fawn/node_modules/bluebird/js/release/promise.js","function":"new Promise","line":79,"method":null,"native":false},{"column":19,"file":"/Users/khanguyen/Google Drive/Node Backend Course/Projects/vidly/node_modules/mongoose/lib/connection.js","function":"NativeConnection.Connection.openUri","line":664,"method":"openUri","native":false},{"column":15,"file":"/Users/khanguyen/Google Drive/Node Backend Course/Projects/vidly/node_modules/mongoose/lib/index.js","function":"Mongoose.connect","line":332,"method":"connect","native":false},{"column":6,"file":"/Users/khanguyen/Google Drive/Node Backend Course/Projects/vidly/startup/db.js","function":"module.exports","line":7,"method":"exports","native":false},{"column":24,"file":"/Users/khanguyen/Google Drive/Node Backend Course/Projects/vidly/index.js","function":null,"line":7,"method":null,"native":false},{"column":30,"file":"internal/modules/cjs/loader.js","function":"Module._compile","line":1158,"method":"_compile","native":false},{"column":10,"file":"internal/modules/cjs/loader.js","function":"Module._extensions..js","line":1178,"method":".js","native":false},{"column":32,"file":"internal/modules/cjs/loader.js","function":"Module.load","line":1002,"method":"load","native":false},{"column":14,"file":"internal/modules/cjs/loader.js","function":"Module._load","line":901,"method":"_load","native":false},{"column":12,"file":"internal/modules/run_main.js","function":"Function.executeUserEntryPoint [as runMain]","line":74,"method":"executeUserEntryPoint [as runMain]","native":false},{"column":47,"file":"internal/main/run_main_module.js","function":null,"line":18,"method":null,"native":false}]}
